

2023-06-14 14:27:45.019093 Error msg wrong format
MSG: ->ola

2023-06-14 15:56:06.773158 Error msg wrong format
MSG: ->{

2023-06-14 15:56:18.527645 Error msg wrong format
MSG: ->{

2023-06-14 21:14:20.529483 Error msg wrong format
MSG: ->test

2023-06-14 21:14:25.533410 Error msg wrong format
MSG: ->test

2023-06-14 21:14:30.538091 Error msg wrong format
MSG: ->test

2023-06-14 21:14:35.544879 Error msg wrong format
MSG: ->test

2023-06-16 11:41:57.468953 Error msg wrong format
MSG: ->ooo

2023-06-16 11:41:58.557365 Error msg wrong format
MSG: ->ooo

2023-06-16 11:42:01.273665 Error msg wrong format
MSG: ->ooo